<?xml version='1.0' encoding='UTF-8'?>
<testsuite hostname="omenhp" name="CambiosMonedaTest" tests="4" errors="0" failures="0" skipped="0" time="0.004" timestamp="2020-05-15T13:32:31">
                     <properties>
[...]
</properties>
                     <testcase classname="CambiosMonedaTest" name="Si la cantidad es 0 debería devolver una lista vacía" time="0.002">
                                                 
                                               </testcase><testcase classname="CambiosMonedaTest" name="Si la cantidad es menor que las monedas disponibles debería devolver una lista vacía" time="0.0">
                                                 
                                               </testcase><testcase classname="CambiosMonedaTest" name="Debería devolver los valores correctos dada una cantidad y monedas viables" time="0.001">
                                                 
                                               </testcase><testcase classname="CambiosMonedaTest" name="Debería devolver los valores correctos sin importar el orden de la lista" time="0.001">
                                                 
                                               </testcase>
                     <system-out><![CDATA[]]></system-out>
                     <system-err><![CDATA[]]></system-err>
                   </testsuite>